c:\users\kelin\desktop\cis565-project0\build\cis5650_getting_started.dir\debug\vc143.pdb
c:\users\kelin\desktop\cis565-project0\build\cis5650_getting_started.dir\debug\main.obj
c:\users\kelin\desktop\cis565-project0\build\cis5650_getting_started.dir\debug\glslutility.obj
cis5650_getting_started.dir\debug\kernel.obj
c:\users\kelin\desktop\cis565-project0\build\cmakefiles\generate.stamp
c:\users\kelin\desktop\cis565-project0\build\bin\debug\cis5650_getting_started.exe
c:\users\kelin\desktop\cis565-project0\build\bin\debug\cis5650_getting_started.pdb
c:\users\kelin\desktop\cis565-project0\build\lib\debug\cis5650_getting_started.lib
c:\users\kelin\desktop\cis565-project0\build\lib\debug\cis5650_getting_started.exp
c:\users\kelin\desktop\cis565-project0\build\cis5650_getting_started.dir\debug\cis5650_getting_started.ilk
c:\users\kelin\desktop\cis565-project0\build\cis5650_getting_started.dir\debug\kernel.cu.cache
c:\users\kelin\desktop\cis565-project0\build\cis5650_getting_started.dir\debug\kernel.obj
c:\users\kelin\desktop\cis565-project0\build\cis5650_getting_started.dir\debug\cis5650_.2154ba3b.tlog\cl.command.1.tlog
c:\users\kelin\desktop\cis565-project0\build\cis5650_getting_started.dir\debug\cis5650_.2154ba3b.tlog\cl.items.tlog
c:\users\kelin\desktop\cis565-project0\build\cis5650_getting_started.dir\debug\cis5650_.2154ba3b.tlog\cl.read.1.tlog
c:\users\kelin\desktop\cis565-project0\build\cis5650_getting_started.dir\debug\cis5650_.2154ba3b.tlog\cl.write.1.tlog
c:\users\kelin\desktop\cis565-project0\build\cis5650_getting_started.dir\debug\cis5650_.2154ba3b.tlog\cudacompile.read.1u.tlog
c:\users\kelin\desktop\cis565-project0\build\cis5650_getting_started.dir\debug\cis5650_.2154ba3b.tlog\cudacompile.write.1u.tlog
c:\users\kelin\desktop\cis565-project0\build\cis5650_getting_started.dir\debug\cis5650_.2154ba3b.tlog\custombuild.command.1.tlog
c:\users\kelin\desktop\cis565-project0\build\cis5650_getting_started.dir\debug\cis5650_.2154ba3b.tlog\custombuild.read.1.tlog
c:\users\kelin\desktop\cis565-project0\build\cis5650_getting_started.dir\debug\cis5650_.2154ba3b.tlog\custombuild.write.1.tlog
c:\users\kelin\desktop\cis565-project0\build\cis5650_getting_started.dir\debug\cis5650_.2154ba3b.tlog\link.command.1.tlog
c:\users\kelin\desktop\cis565-project0\build\cis5650_getting_started.dir\debug\cis5650_.2154ba3b.tlog\link.read.1.tlog
c:\users\kelin\desktop\cis565-project0\build\cis5650_getting_started.dir\debug\cis5650_.2154ba3b.tlog\link.secondary.1.tlog
c:\users\kelin\desktop\cis565-project0\build\cis5650_getting_started.dir\debug\cis5650_.2154ba3b.tlog\link.write.1.tlog
